  practica4.cpp
C:\Users\PC\Documents\CGIHC-Practicas\Practica 4\Practica 4\Window.h(12,36): warning C4244: 'return': conversión de 'GLint' a 'GLfloat'; posible pérdida de datos
  (compilando archivo de origen "practica4.cpp")
  
C:\Users\PC\Documents\CGIHC-Practicas\Practica 4\Practica 4\Window.h(13,37): warning C4244: 'return': conversión de 'GLint' a 'GLfloat'; posible pérdida de datos
  (compilando archivo de origen "practica4.cpp")
  
C:\Users\PC\Documents\CGIHC-Practicas\Practica 4\Practica 4\practica4.cpp(28,36): warning C4305: 'inicializando': truncamiento de 'double' a 'float'
C:\Users\PC\Documents\CGIHC-Practicas\Practica 4\Practica 4\practica4.cpp(191,16): warning C4018: '<': no coinciden signed/unsigned
C:\Users\PC\Documents\CGIHC-Practicas\Practica 4\Practica 4\practica4.cpp(233,32): warning C4244: 'argumento': conversión de 'double' a '_Ty'; posible pérdida de datos
C:\Users\PC\Documents\CGIHC-Practicas\Practica 4\Practica 4\practica4.cpp(233,32): warning C4244:         with
C:\Users\PC\Documents\CGIHC-Practicas\Practica 4\Practica 4\practica4.cpp(233,32): warning C4244:         [
C:\Users\PC\Documents\CGIHC-Practicas\Practica 4\Practica 4\practica4.cpp(233,32): warning C4244:             _Ty=GLfloat
C:\Users\PC\Documents\CGIHC-Practicas\Practica 4\Practica 4\practica4.cpp(233,32): warning C4244:         ]
C:\Users\PC\Documents\CGIHC-Practicas\Practica 4\Practica 4\practica4.cpp(235,32): warning C4244: 'argumento': conversión de 'double' a '_Ty'; posible pérdida de datos
C:\Users\PC\Documents\CGIHC-Practicas\Practica 4\Practica 4\practica4.cpp(235,32): warning C4244:         with
C:\Users\PC\Documents\CGIHC-Practicas\Practica 4\Practica 4\practica4.cpp(235,32): warning C4244:         [
C:\Users\PC\Documents\CGIHC-Practicas\Practica 4\Practica 4\practica4.cpp(235,32): warning C4244:             _Ty=GLfloat
C:\Users\PC\Documents\CGIHC-Practicas\Practica 4\Practica 4\practica4.cpp(235,32): warning C4244:         ]
C:\Users\PC\Documents\CGIHC-Practicas\Practica 4\Practica 4\practica4.cpp(328,15): warning C4244: 'inicializando': conversión de 'double' a 'GLfloat'; posible pérdida de datos
C:\Users\PC\Documents\CGIHC-Practicas\Practica 4\Practica 4\practica4.cpp(330,33): warning C4244: '+=': conversión de 'double' a 'GLfloat'; posible pérdida de datos
  LINK : no se encontró C:\Users\PC\Documents\CGIHC-Practicas\Practica 4\Debug\Practica 4.exe o no lo generó el último vínculo incremental; ejecutando vínculo completo
LINK : warning LNK4098: la biblioteca predeterminada'MSVCRT' entra en conflicto con otras bibliotecas; use la biblioteca /NODEFAULTLIB:biblioteca
  Practica 4.vcxproj -> C:\Users\PC\Documents\CGIHC-Practicas\Practica 4\Debug\Practica 4.exe
