  practica3.cpp
C:\Users\PC\Documents\CGIHC-Practicas\Practica3\Practica3\Window.h(12,36): warning C4244: 'return': conversión de 'GLint' a 'GLfloat'; posible pérdida de datos
  (compilando archivo de origen "practica3.cpp")
  
C:\Users\PC\Documents\CGIHC-Practicas\Practica3\Practica3\Window.h(13,37): warning C4244: 'return': conversión de 'GLint' a 'GLfloat'; posible pérdida de datos
  (compilando archivo de origen "practica3.cpp")
  
C:\Users\PC\Documents\CGIHC-Practicas\Practica3\Practica3\practica3.cpp(30,36): warning C4305: 'inicializando': truncamiento de 'double' a 'float'
C:\Users\PC\Documents\CGIHC-Practicas\Practica3\Practica3\practica3.cpp(198,16): warning C4018: '<': no coinciden signed/unsigned
C:\Users\PC\Documents\CGIHC-Practicas\Practica3\Practica3\practica3.cpp(240,32): warning C4244: 'argumento': conversión de 'double' a '_Ty'; posible pérdida de datos
C:\Users\PC\Documents\CGIHC-Practicas\Practica3\Practica3\practica3.cpp(240,32): warning C4244:         with
C:\Users\PC\Documents\CGIHC-Practicas\Practica3\Practica3\practica3.cpp(240,32): warning C4244:         [
C:\Users\PC\Documents\CGIHC-Practicas\Practica3\Practica3\practica3.cpp(240,32): warning C4244:             _Ty=GLfloat
C:\Users\PC\Documents\CGIHC-Practicas\Practica3\Practica3\practica3.cpp(240,32): warning C4244:         ]
C:\Users\PC\Documents\CGIHC-Practicas\Practica3\Practica3\practica3.cpp(242,32): warning C4244: 'argumento': conversión de 'double' a '_Ty'; posible pérdida de datos
C:\Users\PC\Documents\CGIHC-Practicas\Practica3\Practica3\practica3.cpp(242,32): warning C4244:         with
C:\Users\PC\Documents\CGIHC-Practicas\Practica3\Practica3\practica3.cpp(242,32): warning C4244:         [
C:\Users\PC\Documents\CGIHC-Practicas\Practica3\Practica3\practica3.cpp(242,32): warning C4244:             _Ty=GLfloat
C:\Users\PC\Documents\CGIHC-Practicas\Practica3\Practica3\practica3.cpp(242,32): warning C4244:         ]
C:\Users\PC\Documents\CGIHC-Practicas\Practica3\Practica3\practica3.cpp(341,15): warning C4244: 'inicializando': conversión de 'double' a 'GLfloat'; posible pérdida de datos
C:\Users\PC\Documents\CGIHC-Practicas\Practica3\Practica3\practica3.cpp(343,33): warning C4244: '+=': conversión de 'double' a 'GLfloat'; posible pérdida de datos
LINK : warning LNK4098: la biblioteca predeterminada'MSVCRT' entra en conflicto con otras bibliotecas; use la biblioteca /NODEFAULTLIB:biblioteca
  Practica3.vcxproj -> C:\Users\PC\Documents\CGIHC-Practicas\Practica3\Debug\Practica3.exe
