  Practica5.cpp
C:\Users\PC\Documents\CGIHC-Practicas\Practica 5\Practica 5\Window.h(12,36): warning C4244: 'return': conversión de 'GLint' a 'GLfloat'; posible pérdida de datos
  (compilando archivo de origen "Practica5.cpp")
  
C:\Users\PC\Documents\CGIHC-Practicas\Practica 5\Practica 5\Window.h(13,37): warning C4244: 'return': conversión de 'GLint' a 'GLfloat'; posible pérdida de datos
  (compilando archivo de origen "Practica5.cpp")
  
C:\Users\PC\Documents\CGIHC-Practicas\Practica 5\Practica 5\Practica5.cpp(165,15): warning C4244: 'inicializando': conversión de 'double' a 'GLfloat'; posible pérdida de datos
C:\Users\PC\Documents\CGIHC-Practicas\Practica 5\Practica 5\Practica5.cpp(167,33): warning C4244: '+=': conversión de 'double' a 'GLfloat'; posible pérdida de datos
  Window.cpp
C:\Users\PC\Documents\CGIHC-Practicas\Practica 5\Practica 5\Window.h(12,36): warning C4244: 'return': conversión de 'GLint' a 'GLfloat'; posible pérdida de datos
  (compilando archivo de origen "Window.cpp")
  
C:\Users\PC\Documents\CGIHC-Practicas\Practica 5\Practica 5\Window.h(13,37): warning C4244: 'return': conversión de 'GLint' a 'GLfloat'; posible pérdida de datos
  (compilando archivo de origen "Window.cpp")
  
C:\Users\PC\Documents\CGIHC-Practicas\Practica 5\Practica 5\Window.cpp(186,22): warning C4244: '=': conversión de 'double' a 'GLfloat'; posible pérdida de datos
C:\Users\PC\Documents\CGIHC-Practicas\Practica 5\Practica 5\Window.cpp(187,22): warning C4244: '=': conversión de 'double' a 'GLfloat'; posible pérdida de datos
C:\Users\PC\Documents\CGIHC-Practicas\Practica 5\Practica 5\Window.cpp(191,28): warning C4244: '=': conversión de 'double' a 'GLfloat'; posible pérdida de datos
C:\Users\PC\Documents\CGIHC-Practicas\Practica 5\Practica 5\Window.cpp(192,40): warning C4244: '=': conversión de 'double' a 'GLfloat'; posible pérdida de datos
C:\Users\PC\Documents\CGIHC-Practicas\Practica 5\Practica 5\Window.cpp(194,21): warning C4244: '=': conversión de 'double' a 'GLfloat'; posible pérdida de datos
C:\Users\PC\Documents\CGIHC-Practicas\Practica 5\Practica 5\Window.cpp(195,21): warning C4244: '=': conversión de 'double' a 'GLfloat'; posible pérdida de datos
  Generando código...
C:\Users\PC\Documents\CGIHC-Practicas\Practica 5\Practica 5\Window.cpp(84): warning C4715: 'Window::Initialise': no todas las rutas de acceso de control devuelven un valor
  Practica 5.vcxproj -> C:\Users\PC\Documents\CGIHC-Practicas\Practica 5\Debug\Practica 5.exe
